17-09-30 09:38:20 - example_skymap_HI_Analysis - INFO: Reading survey variables...
17-09-30 09:38:20 - example_skymap_HI_Analysis - INFO: 1) survey = MySurvey
17-09-30 09:38:20 - example_skymap_HI_Analysis - INFO: 2) species = HI
17-09-30 09:38:20 - example_skymap_HI_Analysis - INFO: wrote common config to MySurvey_skymap.cfg.
17-09-30 09:38:20 - example_skymap_HI_Analysis - INFO: wrote mosaic config to MySurvey_skymap.cfg.
17-09-30 09:38:20 - example_skymap_HI_Analysis - INFO: wrote constants config to MySurvey_skymap.cfg.
17-09-30 09:38:20 - example_skymap_HI_Analysis - INFO: wrote spectralSearch config to MySurvey_skymap.cfg.
17-09-30 09:38:20 - example_skymap_HI_Analysis - INFO: wrote spatialSearch config to MySurvey_skymap.cfg.
17-09-30 09:49:50 - example_skymap_HI_Analysis - INFO: Reading survey variables...
17-09-30 09:49:50 - example_skymap_HI_Analysis - INFO: 1) survey = example
17-09-30 09:49:50 - example_skymap_HI_Analysis - INFO: 2) species = HI
17-09-30 09:49:50 - example_skymap_HI_Analysis - INFO: wrote common config to example_skymap.cfg.
17-09-30 09:49:50 - example_skymap_HI_Analysis - INFO: wrote mosaic config to example_skymap.cfg.
17-09-30 09:49:50 - example_skymap_HI_Analysis - INFO: wrote constants config to example_skymap.cfg.
17-09-30 09:49:50 - example_skymap_HI_Analysis - INFO: wrote spectralSearch config to example_skymap.cfg.
17-09-30 09:49:50 - example_skymap_HI_Analysis - INFO: wrote spatialSearch config to example_skymap.cfg.
17-09-30 09:56:54 - example_skymap_HI_Analysis - INFO: Reading survey variables...
17-09-30 09:56:54 - example_skymap_HI_Analysis - INFO: 1) survey = example
17-09-30 09:56:54 - example_skymap_HI_Analysis - INFO: 2) species = HI
17-09-30 09:56:54 - example_skymap_HI_Analysis - INFO: wrote common config to example_skymap.cfg.
17-09-30 09:56:54 - example_skymap_HI_Analysis - INFO: mosaic config exists, overwriting...
17-09-30 09:56:54 - example_skymap_HI_Analysis - INFO: wrote mosaic config to example_skymap.cfg.
17-09-30 09:56:54 - example_skymap_HI_Analysis - INFO: constants config exists, overwriting...
17-09-30 09:56:54 - example_skymap_HI_Analysis - INFO: wrote constants config to example_skymap.cfg.
17-09-30 09:56:54 - example_skymap_HI_Analysis - INFO: spectralSearch config exists, overwriting...
17-09-30 09:56:54 - example_skymap_HI_Analysis - INFO: wrote spectralSearch config to example_skymap.cfg.
17-09-30 09:56:54 - example_skymap_HI_Analysis - INFO: spatialSearch config exists, overwriting...
17-09-30 09:56:54 - example_skymap_HI_Analysis - INFO: wrote spatialSearch config to example_skymap.cfg.
17-09-30 10:02:03 - example_skymap_HI_Analysis - INFO: Reading survey variables...
17-09-30 10:02:03 - example_skymap_HI_Analysis - INFO: 1) survey = example
17-09-30 10:02:03 - example_skymap_HI_Analysis - INFO: 2) species = HI
17-09-30 10:02:03 - example_skymap_HI_Analysis - INFO: wrote common config to example_skymap.cfg.
17-09-30 10:02:03 - example_skymap_HI_Analysis - INFO: wrote mosaic config to example_skymap.cfg.
17-09-30 10:02:03 - example_skymap_HI_Analysis - INFO: wrote constants config to example_skymap.cfg.
17-09-30 10:02:03 - example_skymap_HI_Analysis - INFO: wrote spectralSearch config to example_skymap.cfg.
17-09-30 10:02:03 - example_skymap_HI_Analysis - INFO: wrote spatialSearch config to example_skymap.cfg.
17-09-30 10:02:48 - example_skymap_HI_Analysis - INFO: Reading survey variables...
17-09-30 10:02:48 - example_skymap_HI_Analysis - INFO: 1) survey = example
17-09-30 10:02:48 - example_skymap_HI_Analysis - INFO: 2) species = HI
17-09-30 10:02:48 - example_skymap_HI_Analysis - INFO: wrote common config to example_skymap.cfg.
17-09-30 10:02:48 - example_skymap_HI_Analysis - INFO: wrote mosaic config to example_skymap.cfg.
17-09-30 10:02:48 - example_skymap_HI_Analysis - INFO: wrote constants config to example_skymap.cfg.
17-09-30 10:02:48 - example_skymap_HI_Analysis - INFO: wrote spectralSearch config to example_skymap.cfg.
17-09-30 10:02:48 - example_skymap_HI_Analysis - INFO: wrote spatialSearch config to example_skymap.cfg.
17-09-30 19:24:00 - example_skymap_HI_Analysis - INFO: Reading survey variables...
17-09-30 19:24:00 - example_skymap_HI_Analysis - INFO: 1) survey = example
17-09-30 19:24:00 - example_skymap_HI_Analysis - INFO: 2) species = HI
17-09-30 19:24:00 - example_skymap_HI_Analysis - INFO: wrote common config to example_skymap.cfg.
17-09-30 19:24:00 - example_skymap_HI_Analysis - INFO: wrote mosaic config to example_skymap.cfg.
17-09-30 19:24:00 - example_skymap_HI_Analysis - INFO: wrote constants config to example_skymap.cfg.
17-09-30 19:24:00 - example_skymap_HI_Analysis - INFO: wrote spectralSearch config to example_skymap.cfg.
17-09-30 19:24:00 - example_skymap_HI_Analysis - INFO: wrote spatialSearch config to example_skymap.cfg.
17-09-30 19:30:55 - example_skymap_HI_Analysis - CRITICAL: survey_config/config/example_skymap.cfg doesn't exist.
17-09-30 19:31:50 - example_skymap_HI_Analysis - CRITICAL: survey_config/config/example_skymap.cfg doesn't exist.
17-09-30 19:31:50 - example_skymap_HI_Analysis - CRITICAL: One or more needed files do not exist
17-09-30 19:32:34 - example_skymap_HI_Analysis - CRITICAL: config/example_skymap.cfg doesn't exist.
17-09-30 19:32:34 - example_skymap_HI_Analysis - CRITICAL: One or more needed files do not exist
17-09-30 19:35:31 - example_skymap_HI_Analysis - CRITICAL: example_skymap.cfg doesn't exist.
17-09-30 19:35:31 - example_skymap_HI_Analysis - CRITICAL: One or more needed files do not exist
17-09-30 19:35:55 - example_skymap_HI_Analysis - INFO: Reading from config file (example_skymap.cfg)
17-09-30 19:35:55 - example_skymap_HI_Analysis - CRITICAL: Cannont find tcmb in the config file.
17-09-30 19:36:48 - example_skymap_HI_Analysis - INFO: Reading from config file (example_skymap.cfg)
17-09-30 19:36:48 - example_skymap_HI_Analysis - INFO: Reading survey variables...
17-09-30 19:36:48 - example_skymap_HI_Analysis - INFO: 1) survey = example
17-09-30 19:36:48 - example_skymap_HI_Analysis - INFO: 2) species = HI
17-09-30 19:41:25 - example_skymap_HI_Analysis - INFO: Reading from config file (example_skymap.cfg)
17-09-30 19:41:25 - example_skymap_HI_Analysis - CRITICAL: Cannot find tcmb in the config file.
17-09-30 19:41:25 - example_skymap_HI_Analysis - INFO: Reading survey variables...
17-09-30 19:41:25 - example_skymap_HI_Analysis - INFO: 1) survey = example
17-09-30 19:41:25 - example_skymap_HI_Analysis - INFO: 2) species = HI
17-09-30 19:41:35 - example_skymap_HI_Analysis - INFO: Reading from config file (example_skymap.cfg)
17-09-30 19:41:35 - example_skymap_HI_Analysis - CRITICAL: Cannot find tcmb in the config file.
17-09-30 19:41:44 - example_skymap_HI_Analysis - INFO: Reading from config file (example_skymap.cfg)
17-09-30 19:41:44 - example_skymap_HI_Analysis - CRITICAL: Cannot find tcmb in the config file.
17-09-30 19:42:00 - example_skymap_HI_Analysis - INFO: Reading from config file (example_skymap.cfg)
17-09-30 19:42:00 - example_skymap_HI_Analysis - CRITICAL: Cannot find tcmb in the config file.
17-09-30 19:42:00 - example_skymap_HI_Analysis - INFO: Reading survey variables...
17-09-30 19:42:00 - example_skymap_HI_Analysis - INFO: 1) survey = example
17-09-30 19:42:00 - example_skymap_HI_Analysis - INFO: 2) species = HI
17-09-30 19:42:17 - example_skymap_HI_Analysis - INFO: Reading from config file (example_skymap.cfg)
17-09-30 19:42:17 - example_skymap_HI_Analysis - INFO: Reading survey variables...
17-09-30 19:42:17 - example_skymap_HI_Analysis - INFO: 1) survey = example
17-09-30 19:42:17 - example_skymap_HI_Analysis - INFO: 2) species = HI
18-11-13 20:28:43 - example_skymap_HI_Analysis - INFO: Reading survey variables...
18-11-13 20:28:43 - example_skymap_HI_Analysis - INFO: 1) survey = example
18-11-13 20:28:43 - example_skymap_HI_Analysis - INFO: 2) species = HI
18-11-13 20:28:43 - example_skymap_HI_Analysis - INFO: wrote common config to example_skymap.cfg.
18-11-13 20:28:43 - example_skymap_HI_Analysis - INFO: wrote mosaic config to example_skymap.cfg.
18-11-13 20:28:43 - example_skymap_HI_Analysis - INFO: wrote constants config to example_skymap.cfg.
18-11-13 20:28:43 - example_skymap_HI_Analysis - INFO: wrote spectralSearch config to example_skymap.cfg.
18-11-13 20:28:43 - example_skymap_HI_Analysis - INFO: wrote spatialSearch config to example_skymap.cfg.
